<?xml version="1.0" encoding="UTF-8"?>
<testng-results skipped="0" failed="0" total="1" passed="1">
  <reporter-output>
  </reporter-output>
  <suite name="Default suite" duration-ms="539" started-at="2019-08-24T03:35:58Z" finished-at="2019-08-24T03:35:58Z">
    <groups>
    </groups>
    <test name="Default test" duration-ms="539" started-at="2019-08-24T03:35:58Z" finished-at="2019-08-24T03:35:58Z">
      <class name="test.NewTest">
        <test-method status="PASS" signature="beforeClass()[pri:0, instance:test.NewTest@d2e7d9]" name="beforeClass" is-config="true" duration-ms="11" started-at="2019-08-24T11:35:58Z" finished-at="2019-08-24T11:35:58Z">
          <reporter-output>
          </reporter-output>
        </test-method> <!-- beforeClass -->
        <test-method status="PASS" signature="f()[pri:0, instance:test.NewTest@d2e7d9]" name="f" duration-ms="516" started-at="2019-08-24T11:35:58Z" finished-at="2019-08-24T11:35:58Z">
          <reporter-output>
          </reporter-output>
        </test-method> <!-- f -->
        <test-method status="PASS" signature="afterClass()[pri:0, instance:test.NewTest@d2e7d9]" name="afterClass" is-config="true" duration-ms="0" started-at="2019-08-24T11:35:58Z" finished-at="2019-08-24T11:35:58Z">
          <reporter-output>
          </reporter-output>
        </test-method> <!-- afterClass -->
      </class> <!-- test.NewTest -->
    </test> <!-- Default test -->
  </suite> <!-- Default suite -->
</testng-results>
